从持久化存储加载缓存: 0 个条目
从持久化存储加载日志: 73 条
从持久化存储加载统计信息
从持久化存储加载规则数据
2025/08/15 10:29:15 dns listening on :53 (udp/tcp)
2025/08/15 10:29:15 数据持久化已启用，数据目录: ./data
2025/08/15 10:29:15 admin http listening on :8080
所有数据已保存到持久化存储
2025/08/15 10:34:46 自动保存完成，耗时: 11.966416ms
所有数据已保存到持久化存储
2025/08/15 10:39:46 自动保存完成，耗时: 3.898083ms
所有数据已保存到持久化存储
2025/08/15 10:44:46 自动保存完成，耗时: 3.971542ms
所有数据已保存到持久化存储
2025/08/15 10:49:46 自动保存完成，耗时: 4.734625ms
所有数据已保存到持久化存储
2025/08/15 10:54:46 自动保存完成，耗时: 7.035167ms
所有数据已保存到持久化存储
2025/08/15 10:59:46 自动保存完成，耗时: 4.041041ms
所有数据已保存到持久化存储
2025/08/15 11:04:46 自动保存完成，耗时: 2.01575ms
所有数据已保存到持久化存储
2025/08/15 11:09:46 自动保存完成，耗时: 8.933792ms
所有数据已保存到持久化存储
2025/08/15 11:14:46 自动保存完成，耗时: 5.597334ms
所有数据已保存到持久化存储
2025/08/15 11:19:46 自动保存完成，耗时: 12.866875ms
所有数据已保存到持久化存储
2025/08/15 11:24:46 自动保存完成，耗时: 7.360417ms
所有数据已保存到持久化存储
2025/08/15 11:29:46 自动保存完成，耗时: 6.93475ms
所有数据已保存到持久化存储
2025/08/15 11:34:46 自动保存完成，耗时: 10.36925ms
所有数据已保存到持久化存储
2025/08/15 11:48:50 自动保存完成，耗时: 20.720375ms
所有数据已保存到持久化存储
2025/08/15 12:08:17 自动保存完成，耗时: 4.937709ms
所有数据已保存到持久化存储
2025/08/15 12:13:17 自动保存完成，耗时: 3.674291ms
所有数据已保存到持久化存储
2025/08/15 12:18:17 自动保存完成，耗时: 10.108167ms
所有数据已保存到持久化存储
2025/08/15 12:23:17 自动保存完成，耗时: 6.9975ms
所有数据已保存到持久化存储
2025/08/15 12:28:17 自动保存完成，耗时: 3.885792ms
所有数据已保存到持久化存储
2025/08/15 12:33:17 自动保存完成，耗时: 9.75075ms
所有数据已保存到持久化存储
2025/08/15 12:38:17 自动保存完成，耗时: 3.548917ms
所有数据已保存到持久化存储
2025/08/15 12:43:17 自动保存完成，耗时: 3.532417ms
所有数据已保存到持久化存储
2025/08/15 12:48:17 自动保存完成，耗时: 10.373916ms
所有数据已保存到持久化存储
2025/08/15 12:53:17 自动保存完成，耗时: 5.975125ms
所有数据已保存到持久化存储
2025/08/15 12:58:17 自动保存完成，耗时: 12.209292ms
所有数据已保存到持久化存储
2025/08/15 13:03:17 自动保存完成，耗时: 6.435792ms
所有数据已保存到持久化存储
2025/08/15 13:08:17 自动保存完成，耗时: 7.197333ms
所有数据已保存到持久化存储
2025/08/15 13:13:17 自动保存完成，耗时: 11.875958ms
所有数据已保存到持久化存储
2025/08/15 13:18:17 自动保存完成，耗时: 8.89975ms
所有数据已保存到持久化存储
2025/08/15 13:23:17 自动保存完成，耗时: 3.958625ms
所有数据已保存到持久化存储
2025/08/15 13:28:17 自动保存完成，耗时: 7.002166ms
所有数据已保存到持久化存储
2025/08/15 13:33:17 自动保存完成，耗时: 9.0725ms
所有数据已保存到持久化存储
2025/08/15 13:38:17 自动保存完成，耗时: 7.107ms
所有数据已保存到持久化存储
2025/08/15 13:43:17 自动保存完成，耗时: 6.560541ms
所有数据已保存到持久化存储
2025/08/15 13:48:17 自动保存完成，耗时: 4.58725ms
所有数据已保存到持久化存储
2025/08/15 13:53:17 自动保存完成，耗时: 11.242958ms
2025/08/15 13:54:47 正在保存数据到持久化存储...
所有数据已保存到持久化存储
