[38;5;39m[INFO][0m  2025-08-15 09:51:14 部署脚本启动
[38;5;39m[INFO][0m  2025-08-15 09:51:14 步骤 1/10: 系统检测
[38;5;39m[INFO][0m  2025-08-15 09:51:14 检测系统环境...
[38;5;46m[SUCCESS][0m 2025-08-15 09:51:14 系统信息: macOS macOS 15.6
[38;5;46m[SUCCESS][0m 2025-08-15 09:51:14 CPU 核心: 10
[38;5;46m[SUCCESS][0m 2025-08-15 09:51:14 总内存: 22.5078MB
[38;5;39m[INFO][0m  2025-08-15 09:51:14 步骤 2/10: 依赖检查
[38;5;39m[INFO][0m  2025-08-15 09:51:14 检查系统依赖...
[38;5;39m[INFO][0m  2025-08-15 09:51:28 部署脚本启动
[38;5;39m[INFO][0m  2025-08-15 09:51:28 步骤 1/10: 系统检测
[38;5;39m[INFO][0m  2025-08-15 09:51:28 检测系统环境...
[38;5;46m[SUCCESS][0m 2025-08-15 09:51:28 系统信息: macOS macOS 15.6
[38;5;46m[SUCCESS][0m 2025-08-15 09:51:28 CPU 核心: 10
[38;5;46m[SUCCESS][0m 2025-08-15 09:51:28 总内存: 14MB
[38;5;39m[INFO][0m  2025-08-15 09:51:28 步骤 2/10: 依赖检查
[38;5;39m[INFO][0m  2025-08-15 09:51:28 检查系统依赖...
[38;5;39m[INFO][0m  2025-08-15 09:51:49 部署脚本启动
[38;5;39m[INFO][0m  2025-08-15 09:51:49 步骤 1/10: 系统检测
[38;5;39m[INFO][0m  2025-08-15 09:51:49 检测系统环境...
[38;5;46m[SUCCESS][0m 2025-08-15 09:51:49 系统信息: macOS macOS 15.6
[38;5;46m[SUCCESS][0m 2025-08-15 09:51:49 CPU 核心: 10
[38;5;46m[SUCCESS][0m 2025-08-15 09:51:49 总内存: 69MB
[38;5;39m[INFO][0m  2025-08-15 09:51:49 步骤 2/10: 依赖检查
[38;5;39m[INFO][0m  2025-08-15 09:51:49 检查系统依赖...
[38;5;39m[INFO][0m  2025-08-15 09:52:02 部署脚本启动
[38;5;39m[INFO][0m  2025-08-15 09:52:02 步骤 1/10: 系统检测
[38;5;39m[INFO][0m  2025-08-15 09:52:02 检测系统环境...
[38;5;46m[SUCCESS][0m 2025-08-15 09:52:02 系统信息: macOS macOS 15.6
[38;5;46m[SUCCESS][0m 2025-08-15 09:52:02 CPU 核心: 10
[38;5;46m[SUCCESS][0m 2025-08-15 09:52:02 总内存: AvailableMB
[38;5;39m[INFO][0m  2025-08-15 09:52:02 步骤 2/10: 依赖检查
[38;5;39m[INFO][0m  2025-08-15 09:52:02 检查系统依赖...
[38;5;39m[INFO][0m  2025-08-15 09:54:50 部署脚本启动
[38;5;39m[INFO][0m  2025-08-15 09:54:50 步骤 1/10: 系统检测
[38;5;39m[INFO][0m  2025-08-15 09:54:50 检测系统环境...
[38;5;46m[SUCCESS][0m 2025-08-15 09:54:50 系统信息: macOS macOS 15.6
[38;5;46m[SUCCESS][0m 2025-08-15 09:54:50 CPU 核心: 10
[38;5;46m[SUCCESS][0m 2025-08-15 09:54:50 总内存: AvailableMB
[38;5;39m[INFO][0m  2025-08-15 09:54:50 步骤 2/10: 依赖检查
[38;5;39m[INFO][0m  2025-08-15 09:54:50 检查系统依赖...
[38;5;39m[INFO][0m  2025-08-15 09:54:50 性能监控: 依赖检查 耗时 0ms
[38;5;46m[SUCCESS][0m 2025-08-15 09:54:50 依赖检查通过
[38;5;39m[INFO][0m  2025-08-15 09:54:50 步骤 3/10: 目录设置
[38;5;39m[INFO][0m  2025-08-15 09:54:50 设置项目目录...
[38;5;39m[INFO][0m  2025-08-15 09:54:50 创建目录: /Users/winspan/WorkSpace/boomdns/config
[38;5;226m[WARNING][0m 2025-08-15 09:54:50 配置文件不存在: /Users/winspan/WorkSpace/boomdns/config/config.yaml
[38;5;39m[INFO][0m  2025-08-15 09:54:50 请确保配置文件已正确放置
[38;5;39m[INFO][0m  2025-08-15 09:54:50 性能监控: 目录设置 耗时 0ms
[38;5;46m[SUCCESS][0m 2025-08-15 09:54:50 目录设置完成
[38;5;39m[INFO][0m  2025-08-15 09:54:50 步骤 4/10: 镜像构建
[38;5;39m[INFO][0m  2025-08-15 09:54:50 构建 Docker 镜像 (性能优化模式)...
[38;5;196m[ERROR][0m 2025-08-15 09:54:51 Docker 镜像构建失败
[38;5;39m[INFO][0m  2025-08-15 09:55:16 部署脚本启动
[38;5;39m[INFO][0m  2025-08-15 09:55:16 步骤 1/10: 系统检测
[38;5;39m[INFO][0m  2025-08-15 09:55:16 检测系统环境...
[38;5;46m[SUCCESS][0m 2025-08-15 09:55:16 系统信息: macOS macOS 15.6
[38;5;46m[SUCCESS][0m 2025-08-15 09:55:16 CPU 核心: 10
[38;5;46m[SUCCESS][0m 2025-08-15 09:55:16 总内存: AvailableMB
[38;5;39m[INFO][0m  2025-08-15 09:55:16 步骤 2/10: 依赖检查
[38;5;39m[INFO][0m  2025-08-15 09:55:16 检查系统依赖...
[38;5;39m[INFO][0m  2025-08-15 09:55:16 性能监控: 依赖检查 耗时 0ms
[38;5;46m[SUCCESS][0m 2025-08-15 09:55:16 依赖检查通过
[38;5;39m[INFO][0m  2025-08-15 09:55:16 步骤 3/10: 目录设置
[38;5;39m[INFO][0m  2025-08-15 09:55:16 设置项目目录...
[38;5;46m[SUCCESS][0m 2025-08-15 09:55:16 配置文件已就绪: /Users/winspan/WorkSpace/boomdns/config/config.yaml
[38;5;39m[INFO][0m  2025-08-15 09:55:16 性能监控: 目录设置 耗时 0ms
[38;5;46m[SUCCESS][0m 2025-08-15 09:55:16 目录设置完成
[38;5;39m[INFO][0m  2025-08-15 09:55:16 步骤 4/10: 镜像构建
[38;5;39m[INFO][0m  2025-08-15 09:55:17 构建 Docker 镜像 (性能优化模式)...
[38;5;196m[ERROR][0m 2025-08-15 09:55:27 Docker 镜像构建失败
